
> react-typescript-starter@0.1.0 test
> react-scripts test "--coverage"

PASS src/App.test.tsx
  ✓ renders the course name somewhere (44 ms)

-------------|---------|----------|---------|---------|-------------------
File         | % Stmts | % Branch | % Funcs | % Lines | Uncovered Line #s 
-------------|---------|----------|---------|---------|-------------------
All files    |   61.53 |      100 |   42.85 |   61.53 |                   
 App.tsx     |    62.5 |      100 |      50 |    62.5 | 34-47             
 Counter.tsx |      60 |      100 |   33.33 |      60 | 20-29             
-------------|---------|----------|---------|---------|-------------------
Test Suites: 1 passed, 1 total
Tests:       1 passed, 1 total
Snapshots:   0 total
Time:        1.88 s
Ran all test suites.
